Determining if the pthread_create exist failed with the following output:
Change Dir: /home/abdel/catkin_ws/build/CMakeFiles/CMakeTmp

Run Build Command:"/usr/bin/make" "cmTC_88ff4/fast"
/usr/bin/make -f CMakeFiles/cmTC_88ff4.dir/build.make CMakeFiles/cmTC_88ff4.dir/build
make[1]: Entering directory '/home/abdel/catkin_ws/build/CMakeFiles/CMakeTmp'
Building C object CMakeFiles/cmTC_88ff4.dir/CheckSymbolExists.c.o
/usr/bin/cc     -o CMakeFiles/cmTC_88ff4.dir/CheckSymbolExists.c.o   -c /home/abdel/catkin_ws/build/CMakeFiles/CMakeTmp/CheckSymbolExists.c
Linking C executable cmTC_88ff4
/usr/bin/cmake -E cmake_link_script CMakeFiles/cmTC_88ff4.dir/link.txt --verbose=1
/usr/bin/cc       CMakeFiles/cmTC_88ff4.dir/CheckSymbolExists.c.o  -o cmTC_88ff4 -rdynamic 
CMakeFiles/cmTC_88ff4.dir/CheckSymbolExists.c.o: In function `main':
CheckSymbolExists.c:(.text+0x16): undefined reference to `pthread_create'
collect2: error: ld returned 1 exit status
CMakeFiles/cmTC_88ff4.dir/build.make:97: recipe for target 'cmTC_88ff4' failed
make[1]: *** [cmTC_88ff4] Error 1
make[1]: Leaving directory '/home/abdel/catkin_ws/build/CMakeFiles/CMakeTmp'
Makefile:126: recipe for target 'cmTC_88ff4/fast' failed
make: *** [cmTC_88ff4/fast] Error 2

File /home/abdel/catkin_ws/build/CMakeFiles/CMakeTmp/CheckSymbolExists.c:
/* */
#include <pthread.h>

int main(int argc, char** argv)
{
  (void)argv;
#ifndef pthread_create
  return ((int*)(&pthread_create))[argc];
#else
  (void)argc;
  return 0;
#endif
}

Determining if the function pthread_create exists in the pthreads failed with the following output:
Change Dir: /home/abdel/catkin_ws/build/CMakeFiles/CMakeTmp

Run Build Command:"/usr/bin/make" "cmTC_084c7/fast"
/usr/bin/make -f CMakeFiles/cmTC_084c7.dir/build.make CMakeFiles/cmTC_084c7.dir/build
make[1]: Entering directory '/home/abdel/catkin_ws/build/CMakeFiles/CMakeTmp'
Building C object CMakeFiles/cmTC_084c7.dir/CheckFunctionExists.c.o
/usr/bin/cc    -DCHECK_FUNCTION_EXISTS=pthread_create   -o CMakeFiles/cmTC_084c7.dir/CheckFunctionExists.c.o   -c /usr/share/cmake-3.5/Modules/CheckFunctionExists.c
Linking C executable cmTC_084c7
/usr/bin/cmake -E cmake_link_script CMakeFiles/cmTC_084c7.dir/link.txt --verbose=1
/usr/bin/cc   -DCHECK_FUNCTION_EXISTS=pthread_create    CMakeFiles/cmTC_084c7.dir/CheckFunctionExists.c.o  -o cmTC_084c7 -rdynamic -lpthreads 
/usr/bin/x86_64-linux-gnu-ld: cannot find -lpthreads
collect2: error: ld returned 1 exit status
CMakeFiles/cmTC_084c7.dir/build.make:97: recipe for target 'cmTC_084c7' failed
make[1]: *** [cmTC_084c7] Error 1
make[1]: Leaving directory '/home/abdel/catkin_ws/build/CMakeFiles/CMakeTmp'
Makefile:126: recipe for target 'cmTC_084c7/fast' failed
make: *** [cmTC_084c7/fast] Error 2


